<?xml version="1.0" encoding="UTF-8"?>
<coverage generated="1540434343265" clover="3.2.0">
  <project timestamp="1540434343265" name="All files">
    <metrics statements="16" coveredstatements="16" conditionals="6" coveredconditionals="4" methods="6" coveredmethods="6" elements="28" coveredelements="26" complexity="0" loc="16" ncloc="16" packages="1" files="2" classes="2">
      <file name="arithmetic.js" path="C:\Users\mkerm\codefellows\401-js\lab-01\lib\arithmetic.js">
        <metrics statements="12" coveredstatements="12" conditionals="4" coveredconditionals="2" methods="5" coveredmethods="5"/>
        <line num="3" count="1" type="stmt"/>
        <line num="5" count="1" type="stmt"/>
        <line num="6" count="1" type="cond" truecount="2" falsecount="2"/>
        <line num="7" count="1" type="stmt"/>
        <line num="11" count="1" type="stmt"/>
        <line num="12" count="1" type="stmt"/>
        <line num="15" count="1" type="stmt"/>
        <line num="16" count="1" type="stmt"/>
        <line num="19" count="1" type="stmt"/>
        <line num="20" count="1" type="stmt"/>
        <line num="23" count="1" type="stmt"/>
        <line num="24" count="1" type="stmt"/>
      </file>
      <file name="greet.js" path="C:\Users\mkerm\codefellows\401-js\lab-01\lib\greet.js">
        <metrics statements="4" coveredstatements="4" conditionals="2" coveredconditionals="2" methods="1" coveredmethods="1"/>
        <line num="3" count="1" type="stmt"/>
        <line num="5" count="1" type="stmt"/>
        <line num="6" count="2" type="cond" truecount="2" falsecount="0"/>
        <line num="7" count="1" type="stmt"/>
      </file>
    </metrics>
  </project>
</coverage>
